<?xml version="1.0" encoding="UTF-8"?>
<!-- Generated by org.testng.reporters.JUnitReportReporter -->
<testsuite hostname="DESKTOP-T14GJVG" failures="0" tests="3" name="com.Shopping.testcases.Verify_Create_AccountPge" time="83.771" errors="0" timestamp="2022-11-14T22:36:33 IST" skipped="0">
  <testcase classname="com.Shopping.testcases.Verify_Create_AccountPge" name="verifyCreatAccount" time="24.038"/>
  <system-out/>
  <testcase classname="com.Shopping.testcases.Verify_Create_AccountPge" name="verifyLoginPage" time="23.042"/>
  <system-out/>
  <testcase classname="com.Shopping.testcases.Verify_Create_AccountPge" name="verifysignOut" time="36.691"/>
  <system-out/>
</testsuite> <!-- com.Shopping.testcases.Verify_Create_AccountPge -->
